<?xml version="1.0" encoding="UTF-8" ?>
<testsuite tests="21" failures="0" name="pkgPokerBLL.Hand_Test" time="0.072" errors="0" skipped="0">
  <properties>
[...]
</properties>
  <testcase classname="pkgPokerBLL.Hand_Test" name="HighCard" time="0.032"/>
  <testcase classname="pkgPokerBLL.Hand_Test" name="TestRodyalFlush" time="0"/>
  <testcase classname="pkgPokerBLL.Hand_Test" name="TestStraightFlush" time="0"/>
  <testcase classname="pkgPokerBLL.Hand_Test" name="TestFourOfAKind" time="0"/>
  <testcase classname="pkgPokerBLL.Hand_Test" name="TestFourOfAKind2" time="0.001"/>
  <testcase classname="pkgPokerBLL.Hand_Test" name="Pair1" time="0"/>
  <testcase classname="pkgPokerBLL.Hand_Test" name="Pair2" time="0.001"/>
  <testcase classname="pkgPokerBLL.Hand_Test" name="Pair3" time="0.001"/>
  <testcase classname="pkgPokerBLL.Hand_Test" name="Pair4" time="0.005"/>
  <testcase classname="pkgPokerBLL.Hand_Test" name="ThreeOfAKind1" time="0.002"/>
  <testcase classname="pkgPokerBLL.Hand_Test" name="ThreeOfAKind2" time="0"/>
  <testcase classname="pkgPokerBLL.Hand_Test" name="ThreeOfAKind3" time="0"/>
  <testcase classname="pkgPokerBLL.Hand_Test" name="TestFlush" time="0.008"/>
  <testcase classname="pkgPokerBLL.Hand_Test" name="TestStraight1" time="0.004"/>
  <testcase classname="pkgPokerBLL.Hand_Test" name="TestStraight2" time="0.001"/>
  <testcase classname="pkgPokerBLL.Hand_Test" name="TestStraight3" time="0.009"/>
  <testcase classname="pkgPokerBLL.Hand_Test" name="TestFullHouse1" time="0.002"/>
  <testcase classname="pkgPokerBLL.Hand_Test" name="TestFullHouse2" time="0.002"/>
  <testcase classname="pkgPokerBLL.Hand_Test" name="TwoPair1" time="0.001"/>
  <testcase classname="pkgPokerBLL.Hand_Test" name="TwoPair2" time="0.002"/>
  <testcase classname="pkgPokerBLL.Hand_Test" name="TwoPair3" time="0.001"/>
</testsuite>